[0916/071954:ERROR:renderer_main.cc(203)] Running without renderer sandbox
[0916/071954:ERROR:block_files.cc(477)] Failed to open C:\Users\jinzw\AppData\Local\Tencent\Minibrowser\UserData\data_0
[0916/071956:ERROR:cache_util_win.cc(20)] Unable to move the cache: 5
[0916/071956:ERROR:cache_util.cc(132)] Unable to move cache folder C:\Users\jinzw\AppData\Local\Tencent\Minibrowser\UserData to C:\Users\jinzw\AppData\Local\Tencent\Minibrowser\old_UserData_000
[0916/071956:ERROR:cache_creator.cc(133)] Unable to create cache
[0916/071957:ERROR:child_discardable_shared_memory_manager.cc(266)] size: 4194304
[0916/072000:ERROR:child_discardable_shared_memory_manager.cc(266)] size: 4194304
[0916/072001:INFO:CONSOLE(1)] "
          _____                    _____                    _____                    _____          
         /\    \                  /\    \                  /\    \                  /\    \         
        /::\____\                /::\    \                /::\    \                /::\    \        
       /:::/    /                \:::\    \              /::::\    \              /::::\    \       
      /:::/    /                  \:::\    \            /::::::\    \            /::::::\    \      
     /:::/    /                    \:::\    \          /:::/\:::\    \          /:::/\:::\    \     
    /:::/____/                      \:::\    \        /:::/__\:::\    \        /:::/__\:::\    \    
   /::::\    \                      /::::\    \      /::::\   \:::\    \      /::::\   \:::\    \   
  /::::::\    \   _____    ____    /::::::\    \    /::::::\   \:::\    \    /::::::\   \:::\    \  
 /:::/\:::\    \ /\    \  /\   \  /:::/\:::\    \  /:::/\:::\   \:::\____\  /:::/\:::\   \:::\    \ 
/:::/  \:::\    /::\____\/::\   \/:::/  \:::\____\/:::/  \:::\   \:::|    |/:::/__\:::\   \:::\____\
\::/    \:::\  /:::/    /\:::\  /:::/    \::/    /\::/   |::::\  /:::|____|\:::\   \:::\   \::/    /
 \/____/ \:::\/:::/    /  \:::\/:::/    / \/____/  \/____|:::::\/:::/    /  \:::\   \:::\   \/____/ 
          \::::::/    /    \::::::/    /                 |:::::::::/    /    \:::\   \:::\    \     
           \::::/    /      \::::/____/                  |::|\::::/    /      \:::\   \:::\____\    
           /:::/    /        \:::\    \                  |::| \::/____/        \:::\   \::/    /    
          /:::/    /          \:::\    \                 |::|  ~|               \:::\   \/____/     
         /:::/    /            \:::\    \                |::|   |                \:::\    \         
        /:::/    /              \:::\____\               \::|   |                 \:::\____\        
        \::/    /                \::/    /                \:|   |                  \::/    /        
         \/____/                  \/____/                  \|___|                   \/____/         

知乎(zhihu.com)，招聘前端开发工程师 http://zhi.hu/BDXoD
    ", source: https://static.zhihu.com/heifetz/column.raven.5e379eb7e77d1a736436.js (1)
[0916/072304:INFO:CONSOLE(1)] "
          _____                    _____                    _____                    _____          
         /\    \                  /\    \                  /\    \                  /\    \         
        /::\____\                /::\    \                /::\    \                /::\    \        
       /:::/    /                \:::\    \              /::::\    \              /::::\    \       
      /:::/    /                  \:::\    \            /::::::\    \            /::::::\    \      
     /:::/    /                    \:::\    \          /:::/\:::\    \          /:::/\:::\    \     
    /:::/____/                      \:::\    \        /:::/__\:::\    \        /:::/__\:::\    \    
   /::::\    \                      /::::\    \      /::::\   \:::\    \      /::::\   \:::\    \   
  /::::::\    \   _____    ____    /::::::\    \    /::::::\   \:::\    \    /::::::\   \:::\    \  
 /:::/\:::\    \ /\    \  /\   \  /:::/\:::\    \  /:::/\:::\   \:::\____\  /:::/\:::\   \:::\    \ 
/:::/  \:::\    /::\____\/::\   \/:::/  \:::\____\/:::/  \:::\   \:::|    |/:::/__\:::\   \:::\____\
\::/    \:::\  /:::/    /\:::\  /:::/    \::/    /\::/   |::::\  /:::|____|\:::\   \:::\   \::/    /
 \/____/ \:::\/:::/    /  \:::\/:::/    / \/____/  \/____|:::::\/:::/    /  \:::\   \:::\   \/____/ 
          \::::::/    /    \::::::/    /                 |:::::::::/    /    \:::\   \:::\    \     
           \::::/    /      \::::/____/                  |::|\::::/    /      \:::\   \:::\____\    
           /:::/    /        \:::\    \                  |::| \::/____/        \:::\   \::/    /    
          /:::/    /          \:::\    \                 |::|  ~|               \:::\   \/____/     
         /:::/    /            \:::\    \                |::|   |                \:::\    \         
        /:::/    /              \:::\____\               \::|   |                 \:::\____\        
        \::/    /                \::/    /                \:|   |                  \::/    /        
         \/____/                  \/____/                  \|___|                   \/____/         

知乎(zhihu.com)，招聘前端开发工程师 http://zhi.hu/BDXoD
    ", source: https://static.zhihu.com/heifetz/column.raven.5e379eb7e77d1a736436.js (1)
[0916/072304:ERROR:child_discardable_shared_memory_manager.cc(266)] size: 4194304
[0916/072304:ERROR:child_discardable_shared_memory_manager.cc(266)] size: 4194304
[0916/072753:INFO:CONSOLE(1)] "
          _____                    _____                    _____                    _____          
         /\    \                  /\    \                  /\    \                  /\    \         
        /::\____\                /::\    \                /::\    \                /::\    \        
       /:::/    /                \:::\    \              /::::\    \              /::::\    \       
      /:::/    /                  \:::\    \            /::::::\    \            /::::::\    \      
     /:::/    /                    \:::\    \          /:::/\:::\    \          /:::/\:::\    \     
    /:::/____/                      \:::\    \        /:::/__\:::\    \        /:::/__\:::\    \    
   /::::\    \                      /::::\    \      /::::\   \:::\    \      /::::\   \:::\    \   
  /::::::\    \   _____    ____    /::::::\    \    /::::::\   \:::\    \    /::::::\   \:::\    \  
 /:::/\:::\    \ /\    \  /\   \  /:::/\:::\    \  /:::/\:::\   \:::\____\  /:::/\:::\   \:::\    \ 
/:::/  \:::\    /::\____\/::\   \/:::/  \:::\____\/:::/  \:::\   \:::|    |/:::/__\:::\   \:::\____\
\::/    \:::\  /:::/    /\:::\  /:::/    \::/    /\::/   |::::\  /:::|____|\:::\   \:::\   \::/    /
 \/____/ \:::\/:::/    /  \:::\/:::/    / \/____/  \/____|:::::\/:::/    /  \:::\   \:::\   \/____/ 
          \::::::/    /    \::::::/    /                 |:::::::::/    /    \:::\   \:::\    \     
           \::::/    /      \::::/____/                  |::|\::::/    /      \:::\   \:::\____\    
           /:::/    /        \:::\    \                  |::| \::/____/        \:::\   \::/    /    
          /:::/    /          \:::\    \                 |::|  ~|               \:::\   \/____/     
         /:::/    /            \:::\    \                |::|   |                \:::\    \         
        /:::/    /              \:::\____\               \::|   |                 \:::\____\        
        \::/    /                \::/    /                \:|   |                  \::/    /        
         \/____/                  \/____/                  \|___|                   \/____/         

知乎(zhihu.com)，招聘前端开发工程师 http://zhi.hu/BDXoD
    ", source: https://static.zhihu.com/heifetz/column.raven.5e379eb7e77d1a736436.js (1)
[0916/072806:ERROR:child_discardable_shared_memory_manager.cc(266)] size: 4194304
[0916/072810:ERROR:child_discardable_shared_memory_manager.cc(266)] size: 4194304
[0916/072819:ERROR:child_discardable_shared_memory_manager.cc(266)] size: 4194304
[0916/072827:ERROR:child_discardable_shared_memory_manager.cc(266)] size: 4194304
[0916/072830:ERROR:child_discardable_shared_memory_manager.cc(266)] size: 4194304
[0916/072831:ERROR:child_discardable_shared_memory_manager.cc(266)] size: 4194304
